# JRE version: OpenJDK Runtime Environment Temurin-21.0.5+11 (21.0.5+11) (build 21.0.5+11-LTS)
# Java VM: OpenJDK 64-Bit Server VM Temurin-21.0.5+11 (21.0.5+11-LTS, mixed mode, sharing, tiered, compressed oops, compressed class ptrs, g1 gc, windows-amd64)
GC Precious Log:
 CardTable entry size: 512
 Card Set container configuration: InlinePtr #cards 5 size 8 Array Of Cards #cards 12 size 40 Howl #buckets 4 coarsen threshold 1843 Howl Bitmap #cards 512 size 80 coarsen threshold 460 Card regions per heap region 1 cards per card region 2048
 CPUs: 12 total, 12 available
 Memory: 16052M
 Large Page Support: Disabled
 NUMA Support: Disabled
 Compressed Oops: Enabled (32-bit)
 Heap Region Size: 1M
 Heap Min Capacity: 8M
 Heap Initial Capacity: 252M
 Heap Max Capacity: 2G
 Pre-touch: Disabled
 Parallel Workers: 10
 Concurrent Workers: 3
 Concurrent Refinement Workers: 10
 Periodic GC: Disabled
Heap:
 garbage-first heap   total 119808K, used 105168K [0x0000000080000000, 0x0000000100000000)
  region size 1024K, 35 young (35840K), 4 survivors (4096K)
 Metaspace       used 76959K, committed 79040K, reserved 557056K
  class space    used 10709K, committed 11776K, reserved 425984K
GC Heap History (20 events):
Event: 16.656 GC heap before
{Heap before GC invocations=9 (full 0):
 garbage-first heap   total 108544K, used 98593K [0x0000000080000000, 0x0000000100000000)
  region size 1024K, 63 young (64512K), 5 survivors (5120K)
 Metaspace       used 39896K, committed 41344K, reserved 491520K
  class space    used 5613K, committed 6336K, reserved 425984K
}
Event: 16.660 GC heap after
{Heap after GC invocations=10 (full 0):
 garbage-first heap   total 108544K, used 37753K [0x0000000080000000, 0x0000000100000000)
  region size 1024K, 4 young (4096K), 4 survivors (4096K)
 Metaspace       used 39896K, committed 41344K, reserved 491520K
  class space    used 5613K, committed 6336K, reserved 425984K
}
Event: 17.827 GC heap before
{Heap before GC invocations=10 (full 0):
 garbage-first heap   total 108544K, used 95097K [0x0000000080000000, 0x0000000100000000)
  region size 1024K, 60 young (61440K), 4 survivors (4096K)
 Metaspace       used 46000K, committed 47680K, reserved 491520K
  class space    used 6589K, committed 7424K, reserved 425984K
}
Event: 17.830 GC heap after
{Heap after GC invocations=11 (full 0):
 garbage-first heap   total 108544K, used 41233K [0x0000000080000000, 0x0000000100000000)
  region size 1024K, 8 young (8192K), 8 survivors (8192K)
 Metaspace       used 46000K, committed 47680K, reserved 491520K
  class space    used 6589K, committed 7424K, reserved 425984K
}
Event: 19.261 GC heap before
{Heap before GC invocations=11 (full 0):
 garbage-first heap   total 108544K, used 95505K [0x0000000080000000, 0x0000000100000000)
  region size 1024K, 59 young (60416K), 8 survivors (8192K)
 Metaspace       used 52984K, committed 54720K, reserved 491520K
  class space    used 7449K, committed 8320K, reserved 425984K
}
Event: 19.264 GC heap after
{Heap after GC invocations=12 (full 0):
 garbage-first heap   total 108544K, used 44440K [0x0000000080000000, 0x0000000100000000)
  region size 1024K, 7 young (7168K), 7 survivors (7168K)
 Metaspace       used 52984K, committed 54720K, reserved 491520K
  class space    used 7449K, committed 8320K, reserved 425984K
}
Event: 20.561 GC heap before
{Heap before GC invocations=12 (full 0):
 garbage-first heap   total 108544K, used 94616K [0x0000000080000000, 0x0000000100000000)
  region size 1024K, 56 young (57344K), 7 survivors (7168K)
 Metaspace       used 56509K, committed 58240K, reserved 491520K
  class space    used 7967K, committed 8832K, reserved 425984K
}
Event: 20.566 GC heap after
{Heap after GC invocations=13 (full 0):
 garbage-first heap   total 108544K, used 48020K [0x0000000080000000, 0x0000000100000000)
  region size 1024K, 7 young (7168K), 7 survivors (7168K)
 Metaspace       used 56509K, committed 58240K, reserved 491520K
  class space    used 7967K, committed 8832K, reserved 425984K
}
Event: 21.078 GC heap before
{Heap before GC invocations=13 (full 0):
 garbage-first heap   total 108544K, used 75668K [0x0000000080000000, 0x0000000100000000)
  region size 1024K, 36 young (36864K), 7 survivors (7168K)
 Metaspace       used 58815K, committed 60736K, reserved 491520K
  class space    used 8342K, committed 9344K, reserved 425984K
}
Event: 21.081 GC heap after
{Heap after GC invocations=14 (full 0):
 garbage-first heap   total 108544K, used 50590K [0x0000000080000000, 0x0000000100000000)
  region size 1024K, 4 young (4096K), 4 survivors (4096K)
 Metaspace       used 58815K, committed 60736K, reserved 491520K
  class space    used 8342K, committed 9344K, reserved 425984K
}
Event: 22.524 GC heap before
{Heap before GC invocations=15 (full 0):
 garbage-first heap   total 108544K, used 106910K [0x0000000080000000, 0x0000000100000000)
  region size 1024K, 48 young (49152K), 4 survivors (4096K)
 Metaspace       used 63032K, committed 65024K, reserved 491520K
  class space    used 8974K, committed 9920K, reserved 425984K
}
Event: 22.528 GC heap after
{Heap after GC invocations=16 (full 0):
 garbage-first heap   total 115712K, used 66177K [0x0000000080000000, 0x0000000100000000)
  region size 1024K, 6 young (6144K), 6 survivors (6144K)
 Metaspace       used 63032K, committed 65024K, reserved 491520K
  class space    used 8974K, committed 9920K, reserved 425984K
}
Event: 23.545 GC heap before
{Heap before GC invocations=16 (full 0):
 garbage-first heap   total 115712K, used 102017K [0x0000000080000000, 0x0000000100000000)
  region size 1024K, 41 young (41984K), 6 survivors (6144K)
 Metaspace       used 65664K, committed 67648K, reserved 491520K
  class space    used 9317K, committed 10304K, reserved 425984K
}
Event: 23.548 GC heap after
{Heap after GC invocations=17 (full 0):
 garbage-first heap   total 115712K, used 67721K [0x0000000080000000, 0x0000000100000000)
  region size 1024K, 3 young (3072K), 3 survivors (3072K)
 Metaspace       used 65664K, committed 67648K, reserved 491520K
  class space    used 9317K, committed 10304K, reserved 425984K
}
Event: 24.014 GC heap before
{Heap before GC invocations=17 (full 0):
 garbage-first heap   total 115712K, used 104585K [0x0000000080000000, 0x0000000100000000)
  region size 1024K, 39 young (39936K), 3 survivors (3072K)
 Metaspace       used 67517K, committed 69504K, reserved 491520K
  class space    used 9551K, committed 10560K, reserved 425984K
}
Event: 24.017 GC heap after
{Heap after GC invocations=18 (full 0):
 garbage-first heap   total 115712K, used 71172K [0x0000000080000000, 0x0000000100000000)
  region size 1024K, 5 young (5120K), 5 survivors (5120K)
 Metaspace       used 67517K, committed 69504K, reserved 491520K
  class space    used 9551K, committed 10560K, reserved 425984K
}
Event: 25.069 GC heap before
{Heap before GC invocations=19 (full 0):
 garbage-first heap   total 119808K, used 101892K [0x0000000080000000, 0x0000000100000000)
  region size 1024K, 36 young (36864K), 5 survivors (5120K)
 Metaspace       used 68733K, committed 70784K, reserved 491520K
  class space    used 9716K, committed 10752K, reserved 425984K
}
Event: 25.073 GC heap after
{Heap after GC invocations=20 (full 0):
 garbage-first heap   total 119808K, used 74303K [0x0000000080000000, 0x0000000100000000)
  region size 1024K, 5 young (5120K), 5 survivors (5120K)
 Metaspace       used 68733K, committed 70784K, reserved 491520K
  class space    used 9716K, committed 10752K, reserved 425984K
}
Event: 25.886 GC heap before
{Heap before GC invocations=20 (full 0):
 garbage-first heap   total 119808K, used 106047K [0x0000000080000000, 0x0000000100000000)
  region size 1024K, 36 young (36864K), 5 survivors (5120K)
 Metaspace       used 70853K, committed 72960K, reserved 491520K
  class space    used 10017K, committed 11072K, reserved 425984K
}
Event: 25.889 GC heap after
{Heap after GC invocations=21 (full 0):
 garbage-first heap   total 119808K, used 75472K [0x0000000080000000, 0x0000000100000000)
  region size 1024K, 4 young (4096K), 4 survivors (4096K)
 Metaspace       used 70853K, committed 72960K, reserved 491520K
  class space    used 10017K, committed 11072K, reserved 425984K
}

